<?xml version="1.0" encoding="utf-8"?><testsuites name="pytest tests"><testsuite name="pytest" errors="0" failures="0" skipped="0" tests="18" time="7.455" timestamp="2026-03-05T02:28:00.131187+00:00" hostname="agent-env-b1c19ad3-41c6-4825-9290-4e99fb2cf10e"><testcase classname="backend.tests.test_auth_and_rooms.TestHealthCheck" name="test_api_root" time="0.178" /><testcase classname="backend.tests.test_auth_and_rooms.TestAuth" name="test_get_me_unauthenticated" time="0.117" /><testcase classname="backend.tests.test_auth_and_rooms.TestAuth" name="test_register_new_user" time="0.342" /><testcase classname="backend.tests.test_auth_and_rooms.TestAuth" name="test_register_duplicate_email" time="0.455" /><testcase classname="backend.tests.test_auth_and_rooms.TestAuth" name="test_login_success" time="0.718" /><testcase classname="backend.tests.test_auth_and_rooms.TestAuth" name="test_login_invalid_credentials" time="0.189" /><testcase classname="backend.tests.test_auth_and_rooms.TestAuth" name="test_get_me_authenticated" time="0.476" /><testcase classname="backend.tests.test_auth_and_rooms.TestAuth" name="test_logout" time="0.596" /><testcase classname="backend.tests.test_auth_and_rooms.TestRooms" name="test_list_rooms_unauthenticated" time="0.125" /><testcase classname="backend.tests.test_auth_and_rooms.TestRooms" name="test_list_rooms_authenticated" time="0.454" /><testcase classname="backend.tests.test_auth_and_rooms.TestRooms" name="test_create_room" time="0.457" /><testcase classname="backend.tests.test_auth_and_rooms.TestRooms" name="test_create_room_unauthenticated" time="0.155" /><testcase classname="backend.tests.test_auth_and_rooms.TestRooms" name="test_join_room" time="0.932" /><testcase classname="backend.tests.test_auth_and_rooms.TestRooms" name="test_cannot_join_own_room" time="0.623" /><testcase classname="backend.tests.test_auth_and_rooms.TestRooms" name="test_join_nonexistent_room" time="0.442" /><testcase classname="backend.tests.test_auth_and_rooms.TestRooms" name="test_delete_room_as_host" time="0.621" /><testcase classname="backend.tests.test_auth_and_rooms.TestTrajectory" name="test_trajectory_calculation" time="0.110" /><testcase classname="backend.tests.test_auth_and_rooms.TestExistingTestUser" name="test_login_test_user" time="0.343" /></testsuite></testsuites>